Wed Oct 08 2014 15:22:31 GMT-0700 (PDT):
{ [Error: Unable to locate site named shortly2468]
  stack: [Getter/Setter],
  __frame: 
   { name: 'lookupSiteNameAndWebSpace__20',
     line: 871,
     file: '/Users/student/.nvm/v0.10.26/lib/node_modules/azure-cli/lib/commands/asm/websites/websitesclient._js',
     prev: 
      { name: '__1',
        line: 35,
        file: '/Users/student/.nvm/v0.10.26/lib/node_modules/azure-cli/lib/commands/asm/site.scale._js',
        prev: undefined,
        active: false,
        offset: 15,
        col: 6 },
     active: false,
     offset: 12,
     col: 4 },
  rawStack: [Getter] }
Error: Unable to locate site named shortly2468
    at ___ (/Users/student/.nvm/v0.10.26/lib/node_modules/azure-cli/lib/commands/asm/websites/websitesclient._js:867:20)
    at ___ (/Users/student/.nvm/v0.10.26/lib/node_modules/azure-cli/node_modules/streamline/lib/callbacks/runtime.js:85:13)
    at ___ (/Users/student/.nvm/v0.10.26/lib/node_modules/azure-cli/lib/commands/asm/websites/websitesclient._js:473:131)
    at __tryCatch (/Users/student/.nvm/v0.10.26/lib/node_modules/azure-cli/node_modules/streamline/lib/callbacks/runtime.js:141:4)
    at ___ (/Users/student/.nvm/v0.10.26/lib/node_modules/azure-cli/lib/commands/asm/websites/websitesclient._js:473:67)
    at getSites__7 (/Users/student/.nvm/v0.10.26/lib/node_modules/azure-cli/lib/commands/asm/websites/websitesclient._js:473:33)
    at lookupSiteNameAndWebSpace__20 (/Users/student/.nvm/v0.10.26/lib/node_modules/azure-cli/lib/commands/asm/websites/websitesclient._js:883:4)
    at __1 (/Users/student/.nvm/v0.10.26/lib/node_modules/azure-cli/lib/commands/asm/site.scale._js:50:6)

